<?xml version="1.0" encoding="UTF-8"?>
<!-- Generated by org.testng.reporters.JUnitReportReporter -->
<testsuite hostname="KundanVikas" failures="0" tests="2" name="pack1.ContactTest" time="0.015" errors="0" timestamp="2025-04-12T12:33:03 IST" skipped="0">
  <testcase classname="pack1.ContactTest" name="modifyCrecteContactTest" time="0.002"/>
  <testcase classname="pack1.ContactTest" name="crecteContactTest" time="0.013"/>
</testsuite> <!-- pack1.ContactTest -->
